

Started GET "/" for 127.0.0.1 at 2013-11-08 08:36:36 +0000
Processing by Rails::WelcomeController#index as HTML
  Rendered /home/drjackson/.rvm/gems/ruby-2.0.0-p247@serieschuchu/gems/railties-4.0.1/lib/rails/templates/rails/welcome/index.html.erb (7.3ms)
Completed 200 OK in 164ms (Views: 90.6ms | ActiveRecord: 0.0ms)


Started GET "/" for 127.0.0.1 at 2013-11-08 08:36:38 +0000
Processing by Rails::WelcomeController#index as HTML
  Rendered /home/drjackson/.rvm/gems/ruby-2.0.0-p247@serieschuchu/gems/railties-4.0.1/lib/rails/templates/rails/welcome/index.html.erb (0.2ms)
Completed 200 OK in 6ms (Views: 4.9ms | ActiveRecord: 0.0ms)


Started GET "/" for 127.0.0.1 at 2013-11-10 21:10:32 +0000
Processing by Rails::WelcomeController#index as HTML
  Rendered /home/drjackson/.rvm/gems/ruby-2.0.0-p247@serieschuchu/gems/railties-4.0.1/lib/rails/templates/rails/welcome/index.html.erb (7.0ms)
Completed 200 OK in 215ms (Views: 140.5ms | ActiveRecord: 0.0ms)


Started GET "/" for 127.0.0.1 at 2013-11-10 21:10:34 +0000
Processing by Rails::WelcomeController#index as HTML
  Rendered /home/drjackson/.rvm/gems/ruby-2.0.0-p247@serieschuchu/gems/railties-4.0.1/lib/rails/templates/rails/welcome/index.html.erb (0.3ms)
Completed 200 OK in 10ms (Views: 8.1ms | ActiveRecord: 0.0ms)


Started GET "/series" for 127.0.0.1 at 2013-11-10 21:10:42 +0000

ActionController::RoutingError (No route matches [GET] "/series"):
  actionpack (4.0.1) lib/action_dispatch/middleware/debug_exceptions.rb:21:in `call'
  actionpack (4.0.1) lib/action_dispatch/middleware/show_exceptions.rb:30:in `call'
  railties (4.0.1) lib/rails/rack/logger.rb:38:in `call_app'
  railties (4.0.1) lib/rails/rack/logger.rb:20:in `block in call'
  activesupport (4.0.1) lib/active_support/tagged_logging.rb:67:in `block in tagged'
  activesupport (4.0.1) lib/active_support/tagged_logging.rb:25:in `tagged'
  activesupport (4.0.1) lib/active_support/tagged_logging.rb:67:in `tagged'
  railties (4.0.1) lib/rails/rack/logger.rb:20:in `call'
  actionpack (4.0.1) lib/action_dispatch/middleware/request_id.rb:21:in `call'
  rack (1.5.2) lib/rack/methodoverride.rb:21:in `call'
  rack (1.5.2) lib/rack/runtime.rb:17:in `call'
  activesupport (4.0.1) lib/active_support/cache/strategy/local_cache.rb:83:in `call'
  rack (1.5.2) lib/rack/lock.rb:17:in `call'
  actionpack (4.0.1) lib/action_dispatch/middleware/static.rb:64:in `call'
  rack (1.5.2) lib/rack/sendfile.rb:112:in `call'
  railties (4.0.1) lib/rails/engine.rb:511:in `call'
  railties (4.0.1) lib/rails/application.rb:97:in `call'
  rack (1.5.2) lib/rack/lock.rb:17:in `call'
  rack (1.5.2) lib/rack/content_length.rb:14:in `call'
  rack (1.5.2) lib/rack/handler/webrick.rb:60:in `service'
  /home/drjackson/.rvm/rubies/ruby-2.0.0-p247/lib/ruby/2.0.0/webrick/httpserver.rb:138:in `service'
  /home/drjackson/.rvm/rubies/ruby-2.0.0-p247/lib/ruby/2.0.0/webrick/httpserver.rb:94:in `run'
  /home/drjackson/.rvm/rubies/ruby-2.0.0-p247/lib/ruby/2.0.0/webrick/server.rb:295:in `block in start_thread'


  Rendered /home/drjackson/.rvm/gems/ruby-2.0.0-p247@serieschuchu/gems/actionpack-4.0.1/lib/action_dispatch/middleware/templates/rescues/_trace.erb (4.2ms)
  Rendered /home/drjackson/.rvm/gems/ruby-2.0.0-p247@serieschuchu/gems/actionpack-4.0.1/lib/action_dispatch/middleware/templates/routes/_table.html.erb (31.8ms)
  Rendered /home/drjackson/.rvm/gems/ruby-2.0.0-p247@serieschuchu/gems/actionpack-4.0.1/lib/action_dispatch/middleware/templates/rescues/routing_error.erb within rescues/layout (225.8ms)
